e:\thu muc\tai lieu\tailieu_hoctap\dh cntt\nam_tu_hki\nhap mon phat trien game\do an\ver 2\gamemario\game mario\gamemario\gamemario\debug\vc120.pdb
e:\thu muc\tai lieu\tailieu_hoctap\dh cntt\nam_tu_hki\nhap mon phat trien game\do an\ver 2\gamemario\game mario\gamemario\gamemario\debug\vc120.idb
e:\thu muc\tai lieu\tailieu_hoctap\dh cntt\nam_tu_hki\nhap mon phat trien game\do an\ver 2\gamemario\game mario\gamemario\gamemario\debug\koopatroopaflyownedstate.obj
e:\thu muc\tai lieu\tailieu_hoctap\dh cntt\nam_tu_hki\nhap mon phat trien game\do an\ver 2\gamemario\game mario\gamemario\gamemario\debug\koopatroopaownedstate.obj
e:\thu muc\tai lieu\tailieu_hoctap\dh cntt\nam_tu_hki\nhap mon phat trien game\do an\ver 2\gamemario\game mario\gamemario\gamemario\debug\luckybox.obj
e:\thu muc\tai lieu\tailieu_hoctap\dh cntt\nam_tu_hki\nhap mon phat trien game\do an\ver 2\gamemario\game mario\gamemario\gamemario\debug\main.obj
e:\thu muc\tai lieu\tailieu_hoctap\dh cntt\nam_tu_hki\nhap mon phat trien game\do an\ver 2\gamemario\game mario\gamemario\gamemario\debug\managebulletfire.obj
e:\thu muc\tai lieu\tailieu_hoctap\dh cntt\nam_tu_hki\nhap mon phat trien game\do an\ver 2\gamemario\game mario\gamemario\gamemario\debug\managehammer.obj
e:\thu muc\tai lieu\tailieu_hoctap\dh cntt\nam_tu_hki\nhap mon phat trien game\do an\ver 2\gamemario\game mario\gamemario\gamemario\debug\mapobject.obj
e:\thu muc\tai lieu\tailieu_hoctap\dh cntt\nam_tu_hki\nhap mon phat trien game\do an\ver 2\gamemario\game mario\gamemario\gamemario\debug\mapownedstate.obj
e:\thu muc\tai lieu\tailieu_hoctap\dh cntt\nam_tu_hki\nhap mon phat trien game\do an\ver 2\gamemario\game mario\gamemario\gamemario\debug\mario.obj
e:\thu muc\tai lieu\tailieu_hoctap\dh cntt\nam_tu_hki\nhap mon phat trien game\do an\ver 2\gamemario\game mario\gamemario\gamemario\debug\marioownedstate.obj
e:\thu muc\tai lieu\tailieu_hoctap\dh cntt\nam_tu_hki\nhap mon phat trien game\do an\ver 2\gamemario\game mario\gamemario\gamemario\debug\gameobject.obj
e:\thu muc\tai lieu\tailieu_hoctap\dh cntt\nam_tu_hki\nhap mon phat trien game\do an\ver 2\gamemario\game mario\gamemario\gamemario\debug\quadtree.obj
e:\thu muc\tai lieu\tailieu_hoctap\dh cntt\nam_tu_hki\nhap mon phat trien game\do an\ver 2\gamemario\game mario\gamemario\gamemario\debug\resource.obj
e:\thu muc\tai lieu\tailieu_hoctap\dh cntt\nam_tu_hki\nhap mon phat trien game\do an\ver 2\gamemario\game mario\gamemario\gamemario\debug\scoregame.obj
e:\thu muc\tai lieu\tailieu_hoctap\dh cntt\nam_tu_hki\nhap mon phat trien game\do an\ver 2\gamemario\game mario\gamemario\gamemario\debug\soundclass.obj
e:\thu muc\tai lieu\tailieu_hoctap\dh cntt\nam_tu_hki\nhap mon phat trien game\do an\ver 2\gamemario\game mario\gamemario\gamemario\debug\sprite.obj
e:\thu muc\tai lieu\tailieu_hoctap\dh cntt\nam_tu_hki\nhap mon phat trien game\do an\ver 2\gamemario\game mario\gamemario\gamemario\debug\tinystr.obj
e:\thu muc\tai lieu\tailieu_hoctap\dh cntt\nam_tu_hki\nhap mon phat trien game\do an\ver 2\gamemario\game mario\gamemario\gamemario\debug\tinyxml.obj
e:\thu muc\tai lieu\tailieu_hoctap\dh cntt\nam_tu_hki\nhap mon phat trien game\do an\ver 2\gamemario\game mario\gamemario\gamemario\debug\tinyxmlerror.obj
e:\thu muc\tai lieu\tailieu_hoctap\dh cntt\nam_tu_hki\nhap mon phat trien game\do an\ver 2\gamemario\game mario\gamemario\gamemario\debug\tinyxmlparser.obj
e:\thu muc\tai lieu\tailieu_hoctap\dh cntt\nam_tu_hki\nhap mon phat trien game\do an\ver 2\gamemario\game mario\gamemario\gamemario\debug\camera.obj
e:\thu muc\tai lieu\tailieu_hoctap\dh cntt\nam_tu_hki\nhap mon phat trien game\do an\ver 2\gamemario\game mario\gamemario\gamemario\debug\coin.obj
e:\thu muc\tai lieu\tailieu_hoctap\dh cntt\nam_tu_hki\nhap mon phat trien game\do an\ver 2\gamemario\game mario\gamemario\gamemario\debug\collision.obj
e:\thu muc\tai lieu\tailieu_hoctap\dh cntt\nam_tu_hki\nhap mon phat trien game\do an\ver 2\gamemario\game mario\gamemario\gamemario\debug\enemy.obj
e:\thu muc\tai lieu\tailieu_hoctap\dh cntt\nam_tu_hki\nhap mon phat trien game\do an\ver 2\gamemario\game mario\gamemario\gamemario\debug\fireflower.obj
e:\thu muc\tai lieu\tailieu_hoctap\dh cntt\nam_tu_hki\nhap mon phat trien game\do an\ver 2\gamemario\game mario\gamemario\gamemario\debug\fireflowerownedstate.obj
e:\thu muc\tai lieu\tailieu_hoctap\dh cntt\nam_tu_hki\nhap mon phat trien game\do an\ver 2\gamemario\game mario\gamemario\gamemario\debug\flag.obj
e:\thu muc\tai lieu\tailieu_hoctap\dh cntt\nam_tu_hki\nhap mon phat trien game\do an\ver 2\gamemario\game mario\gamemario\gamemario\debug\floatingbar.obj
e:\thu muc\tai lieu\tailieu_hoctap\dh cntt\nam_tu_hki\nhap mon phat trien game\do an\ver 2\gamemario\game mario\gamemario\gamemario\debug\game.obj
e:\thu muc\tai lieu\tailieu_hoctap\dh cntt\nam_tu_hki\nhap mon phat trien game\do an\ver 2\gamemario\game mario\gamemario\gamemario\debug\gametime.obj
e:\thu muc\tai lieu\tailieu_hoctap\dh cntt\nam_tu_hki\nhap mon phat trien game\do an\ver 2\gamemario\game mario\gamemario\gamemario\debug\goomba.obj
e:\thu muc\tai lieu\tailieu_hoctap\dh cntt\nam_tu_hki\nhap mon phat trien game\do an\ver 2\gamemario\game mario\gamemario\gamemario\debug\goombaownedstate.obj
e:\thu muc\tai lieu\tailieu_hoctap\dh cntt\nam_tu_hki\nhap mon phat trien game\do an\ver 2\gamemario\game mario\gamemario\gamemario\debug\gun.obj
e:\thu muc\tai lieu\tailieu_hoctap\dh cntt\nam_tu_hki\nhap mon phat trien game\do an\ver 2\gamemario\game mario\gamemario\gamemario\debug\hammer.obj
e:\thu muc\tai lieu\tailieu_hoctap\dh cntt\nam_tu_hki\nhap mon phat trien game\do an\ver 2\gamemario\game mario\gamemario\gamemario\debug\hammerownedstate.obj
e:\thu muc\tai lieu\tailieu_hoctap\dh cntt\nam_tu_hki\nhap mon phat trien game\do an\ver 2\gamemario\game mario\gamemario\gamemario\debug\iteminbox.obj
e:\thu muc\tai lieu\tailieu_hoctap\dh cntt\nam_tu_hki\nhap mon phat trien game\do an\ver 2\gamemario\game mario\gamemario\gamemario\debug\itemownedstate.obj
e:\thu muc\tai lieu\tailieu_hoctap\dh cntt\nam_tu_hki\nhap mon phat trien game\do an\ver 2\gamemario\game mario\gamemario\gamemario\debug\keyboard.obj
e:\thu muc\tai lieu\tailieu_hoctap\dh cntt\nam_tu_hki\nhap mon phat trien game\do an\ver 2\gamemario\game mario\gamemario\gamemario\debug\koopatroopa.obj
e:\thu muc\tai lieu\tailieu_hoctap\dh cntt\nam_tu_hki\nhap mon phat trien game\do an\ver 2\gamemario\game mario\gamemario\gamemario\debug\koopatroopafly.obj
e:\thu muc\tai lieu\tailieu_hoctap\dh cntt\nam_tu_hki\nhap mon phat trien game\do an\ver 2\gamemario\game mario\gamemario\gamemario\debug\bowser.obj
e:\thu muc\tai lieu\tailieu_hoctap\dh cntt\nam_tu_hki\nhap mon phat trien game\do an\ver 2\gamemario\game mario\gamemario\gamemario\debug\bowserownedstate.obj
e:\thu muc\tai lieu\tailieu_hoctap\dh cntt\nam_tu_hki\nhap mon phat trien game\do an\ver 2\gamemario\game mario\gamemario\gamemario\debug\brick.obj
e:\thu muc\tai lieu\tailieu_hoctap\dh cntt\nam_tu_hki\nhap mon phat trien game\do an\ver 2\gamemario\game mario\gamemario\gamemario\debug\bullet.obj
e:\thu muc\tai lieu\tailieu_hoctap\dh cntt\nam_tu_hki\nhap mon phat trien game\do an\ver 2\gamemario\game mario\gamemario\gamemario\debug\bulletfire.obj
e:\thu muc\tai lieu\tailieu_hoctap\dh cntt\nam_tu_hki\nhap mon phat trien game\do an\ver 2\gamemario\game mario\gamemario\gamemario\debug\bulletfireownedstate.obj
e:\thu muc\tai lieu\tailieu_hoctap\dh cntt\nam_tu_hki\nhap mon phat trien game\do an\ver 2\gamemario\game mario\gamemario\gamemario\debug\bulletownedstate.obj
e:\thu muc\tai lieu\tailieu_hoctap\dh cntt\nam_tu_hki\nhap mon phat trien game\do an\ver 2\gamemario\game mario\gamemario\debug\gamemario.ilk
e:\thu muc\tai lieu\tailieu_hoctap\dh cntt\nam_tu_hki\nhap mon phat trien game\do an\ver 2\gamemario\game mario\gamemario\debug\gamemario.exe
e:\thu muc\tai lieu\tailieu_hoctap\dh cntt\nam_tu_hki\nhap mon phat trien game\do an\ver 2\gamemario\game mario\gamemario\debug\gamemario.pdb
e:\thu muc\tai lieu\tailieu_hoctap\dh cntt\nam_tu_hki\nhap mon phat trien game\do an\ver 2\gamemario\game mario\gamemario\gamemario\debug\gamemario.tlog\cl.command.1.tlog
e:\thu muc\tai lieu\tailieu_hoctap\dh cntt\nam_tu_hki\nhap mon phat trien game\do an\ver 2\gamemario\game mario\gamemario\gamemario\debug\gamemario.tlog\cl.read.1.tlog
e:\thu muc\tai lieu\tailieu_hoctap\dh cntt\nam_tu_hki\nhap mon phat trien game\do an\ver 2\gamemario\game mario\gamemario\gamemario\debug\gamemario.tlog\cl.write.1.tlog
e:\thu muc\tai lieu\tailieu_hoctap\dh cntt\nam_tu_hki\nhap mon phat trien game\do an\ver 2\gamemario\game mario\gamemario\gamemario\debug\gamemario.tlog\link.command.1.tlog
e:\thu muc\tai lieu\tailieu_hoctap\dh cntt\nam_tu_hki\nhap mon phat trien game\do an\ver 2\gamemario\game mario\gamemario\gamemario\debug\gamemario.tlog\link.read.1.tlog
e:\thu muc\tai lieu\tailieu_hoctap\dh cntt\nam_tu_hki\nhap mon phat trien game\do an\ver 2\gamemario\game mario\gamemario\gamemario\debug\gamemario.tlog\link.write.1.tlog
